2019-08-29 10:27:35,592 INFO 317424 [egg:logger] init all loggers with options: {"dir":"E:\\forfun\\egg-demo\\logs\\egg-demo","encoding":"utf8","env":"local","level":"INFO","consoleLevel":"INFO","disableConsoleAfterReady":false,"outputJSON":false,"buffer":true,"appLogName":"egg-demo-web.log","coreLogName":"egg-web.log","agentLogName":"egg-agent.log","errorLogName":"common-error.log","coreLogger":{"consoleLevel":"WARN"},"allowDebugAtProd":false,"type":"application"}
2019-08-29 10:27:35,659 INFO 317424 [egg-multipart] stream mode enable
2019-08-29 10:27:35,807 INFO 317424 [egg-static] starting static serve /public/ -> E:\forfun\egg-demo\app\public
2019-08-29 10:27:35,813 INFO 317424 [egg-security] use csrf middleware
2019-08-29 10:27:35,815 INFO 317424 [egg-security] use methodnoallow middleware
2019-08-29 10:27:35,816 INFO 317424 [egg-security] use noopen middleware
2019-08-29 10:27:35,819 INFO 317424 [egg-security] use nosniff middleware
2019-08-29 10:27:35,819 INFO 317424 [egg-security] use xssProtection middleware
2019-08-29 10:27:35,820 INFO 317424 [egg-security] use xframe middleware
2019-08-29 10:27:35,821 INFO 317424 [egg-security] use dta middleware
2019-08-29 10:27:35,821 INFO 317424 [egg-security] compose 7 middlewares into one security middleware
2019-08-29 10:27:35,843 INFO 317424 [egg:core] dump config after load, 14ms
2019-08-29 10:27:35,878 INFO 317424 [egg-watcher:application] watcher start success
2019-08-29 10:27:35,896 INFO 317424 [egg:core] dump config after ready, 13ms
2019-08-29 10:35:49,298 INFO 318412 [egg:logger] init all loggers with options: {"dir":"E:\\forfun\\egg-demo\\logs\\egg-demo","encoding":"utf8","env":"local","level":"INFO","consoleLevel":"INFO","disableConsoleAfterReady":false,"outputJSON":false,"buffer":true,"appLogName":"egg-demo-web.log","coreLogName":"egg-web.log","agentLogName":"egg-agent.log","errorLogName":"common-error.log","coreLogger":{"consoleLevel":"WARN"},"allowDebugAtProd":false,"type":"application"}
2019-08-29 10:35:49,367 INFO 318412 [egg-multipart] stream mode enable
2019-08-29 10:35:49,508 INFO 318412 [egg-static] starting static serve /public/ -> E:\forfun\egg-demo\app\public
2019-08-29 10:35:49,514 INFO 318412 [egg-security] use csrf middleware
2019-08-29 10:35:49,517 INFO 318412 [egg-security] use methodnoallow middleware
2019-08-29 10:35:49,518 INFO 318412 [egg-security] use noopen middleware
2019-08-29 10:35:49,520 INFO 318412 [egg-security] use nosniff middleware
2019-08-29 10:35:49,521 INFO 318412 [egg-security] use xssProtection middleware
2019-08-29 10:35:49,522 INFO 318412 [egg-security] use xframe middleware
2019-08-29 10:35:49,523 INFO 318412 [egg-security] use dta middleware
2019-08-29 10:35:49,523 INFO 318412 [egg-security] compose 7 middlewares into one security middleware
2019-08-29 10:35:49,545 INFO 318412 [egg:core] dump config after load, 13ms
2019-08-29 10:35:49,575 INFO 318412 [egg-watcher:application] watcher start success
2019-08-29 10:35:49,589 INFO 318412 [egg:core] dump config after ready, 11ms
2019-08-29 10:36:20,114 INFO 317180 [egg:logger] init all loggers with options: {"dir":"E:\\forfun\\egg-demo\\logs\\egg-demo","encoding":"utf8","env":"local","level":"INFO","consoleLevel":"INFO","disableConsoleAfterReady":false,"outputJSON":false,"buffer":true,"appLogName":"egg-demo-web.log","coreLogName":"egg-web.log","agentLogName":"egg-agent.log","errorLogName":"common-error.log","coreLogger":{"consoleLevel":"WARN"},"allowDebugAtProd":false,"type":"application"}
2019-08-29 10:36:20,175 INFO 317180 [egg-multipart] stream mode enable
2019-08-29 10:36:20,318 INFO 317180 [egg-static] starting static serve /public/ -> E:\forfun\egg-demo\app\public
2019-08-29 10:36:20,324 INFO 317180 [egg-security] use csrf middleware
2019-08-29 10:36:20,326 INFO 317180 [egg-security] use methodnoallow middleware
2019-08-29 10:36:20,327 INFO 317180 [egg-security] use noopen middleware
2019-08-29 10:36:20,329 INFO 317180 [egg-security] use nosniff middleware
2019-08-29 10:36:20,330 INFO 317180 [egg-security] use xssProtection middleware
2019-08-29 10:36:20,331 INFO 317180 [egg-security] use xframe middleware
2019-08-29 10:36:20,332 INFO 317180 [egg-security] use dta middleware
2019-08-29 10:36:20,332 INFO 317180 [egg-security] compose 7 middlewares into one security middleware
2019-08-29 10:36:20,351 INFO 317180 [egg:core] dump config after load, 12ms
2019-08-29 10:36:20,384 INFO 317180 [egg-watcher:application] watcher start success
2019-08-29 10:36:20,402 INFO 317180 [egg:core] dump config after ready, 14ms
2019-09-02 09:16:05,686 INFO 549636 [egg:logger] init all loggers with options: {"dir":"E:\\forfun\\egg-demo\\logs\\egg-demo","encoding":"utf8","env":"local","level":"INFO","consoleLevel":"INFO","disableConsoleAfterReady":false,"outputJSON":false,"buffer":true,"appLogName":"egg-demo-web.log","coreLogName":"egg-web.log","agentLogName":"egg-agent.log","errorLogName":"common-error.log","coreLogger":{"consoleLevel":"WARN"},"allowDebugAtProd":false,"type":"application"}
2019-09-02 09:16:05,773 INFO 549636 [egg-multipart] stream mode enable
2019-09-02 09:16:06,066 INFO 549636 [egg-static] starting static serve /public/ -> E:\forfun\egg-demo\app\public
2019-09-02 09:16:06,077 INFO 549636 [egg-security] use csrf middleware
2019-09-02 09:16:06,081 INFO 549636 [egg-security] use methodnoallow middleware
2019-09-02 09:16:06,083 INFO 549636 [egg-security] use noopen middleware
2019-09-02 09:16:06,088 INFO 549636 [egg-security] use nosniff middleware
2019-09-02 09:16:06,091 INFO 549636 [egg-security] use xssProtection middleware
2019-09-02 09:16:06,093 INFO 549636 [egg-security] use xframe middleware
2019-09-02 09:16:06,095 INFO 549636 [egg-security] use dta middleware
2019-09-02 09:16:06,095 INFO 549636 [egg-security] compose 7 middlewares into one security middleware
2019-09-02 09:16:06,123 INFO 549636 [egg:core] dump config after load, 14ms
2019-09-02 09:16:06,173 INFO 549636 [egg-watcher:application] watcher start success
2019-09-02 09:16:06,190 INFO 549636 [egg:core] dump config after ready, 14ms
2019-09-02 10:00:48,031 INFO 493304 [egg:logger] init all loggers with options: {"dir":"E:\\forfun\\egg-demo\\logs\\egg-demo","encoding":"utf8","env":"local","level":"INFO","consoleLevel":"INFO","disableConsoleAfterReady":false,"outputJSON":false,"buffer":true,"appLogName":"egg-demo-web.log","coreLogName":"egg-web.log","agentLogName":"egg-agent.log","errorLogName":"common-error.log","coreLogger":{"consoleLevel":"WARN"},"allowDebugAtProd":false,"type":"application"}
2019-09-02 10:00:48,101 INFO 493304 [egg-multipart] stream mode enable
2019-09-02 10:00:48,361 INFO 493304 [egg-static] starting static serve /public/ -> E:\forfun\egg-demo\app\public
2019-09-02 10:00:48,372 INFO 493304 [egg-security] use csrf middleware
2019-09-02 10:00:48,378 INFO 493304 [egg-security] use methodnoallow middleware
2019-09-02 10:00:48,379 INFO 493304 [egg-security] use noopen middleware
2019-09-02 10:00:48,384 INFO 493304 [egg-security] use nosniff middleware
2019-09-02 10:00:48,386 INFO 493304 [egg-security] use xssProtection middleware
2019-09-02 10:00:48,388 INFO 493304 [egg-security] use xframe middleware
2019-09-02 10:00:48,389 INFO 493304 [egg-security] use dta middleware
2019-09-02 10:00:48,389 INFO 493304 [egg-security] compose 7 middlewares into one security middleware
2019-09-02 10:00:48,411 INFO 493304 [egg:core] dump config after load, 10ms
2019-09-02 10:00:48,434 INFO 493304 [egg-watcher:application] watcher start success
2019-09-02 10:00:48,445 INFO 493304 [egg:core] dump config after ready, 8ms
2019-09-02 10:04:57,277 INFO 552472 [egg:logger] init all loggers with options: {"dir":"E:\\forfun\\egg-demo\\logs\\egg-demo","encoding":"utf8","env":"local","level":"INFO","consoleLevel":"INFO","disableConsoleAfterReady":false,"outputJSON":false,"buffer":true,"appLogName":"egg-demo-web.log","coreLogName":"egg-web.log","agentLogName":"egg-agent.log","errorLogName":"common-error.log","coreLogger":{"consoleLevel":"WARN"},"allowDebugAtProd":false,"type":"application"}
2019-09-02 10:04:57,352 INFO 552472 [egg-multipart] stream mode enable
2019-09-02 10:04:57,646 INFO 552472 [egg-static] starting static serve /public/ -> E:\forfun\egg-demo\app\public
2019-09-02 10:04:57,660 INFO 552472 [egg-security] use csrf middleware
2019-09-02 10:04:57,665 INFO 552472 [egg-security] use methodnoallow middleware
2019-09-02 10:04:57,667 INFO 552472 [egg-security] use noopen middleware
2019-09-02 10:04:57,675 INFO 552472 [egg-security] use nosniff middleware
2019-09-02 10:04:57,677 INFO 552472 [egg-security] use xssProtection middleware
2019-09-02 10:04:57,678 INFO 552472 [egg-security] use xframe middleware
2019-09-02 10:04:57,680 INFO 552472 [egg-security] use dta middleware
2019-09-02 10:04:57,680 INFO 552472 [egg-security] compose 7 middlewares into one security middleware
2019-09-02 10:04:57,708 INFO 552472 [egg:core] dump config after load, 13ms
2019-09-02 10:04:57,744 INFO 552472 [egg-watcher:application] watcher start success
2019-09-02 10:04:57,776 INFO 552472 [egg:core] dump config after ready, 24ms
2019-09-02 10:05:27,641 INFO 553096 [egg:logger] init all loggers with options: {"dir":"E:\\forfun\\egg-demo\\logs\\egg-demo","encoding":"utf8","env":"local","level":"INFO","consoleLevel":"INFO","disableConsoleAfterReady":false,"outputJSON":false,"buffer":true,"appLogName":"egg-demo-web.log","coreLogName":"egg-web.log","agentLogName":"egg-agent.log","errorLogName":"common-error.log","coreLogger":{"consoleLevel":"WARN"},"allowDebugAtProd":false,"type":"application"}
2019-09-02 10:05:27,714 INFO 553096 [egg-multipart] stream mode enable
2019-09-02 10:05:27,967 INFO 553096 [egg-static] starting static serve /public/ -> E:\forfun\egg-demo\app\public
2019-09-02 10:05:27,976 INFO 553096 [egg-security] use csrf middleware
2019-09-02 10:05:27,980 INFO 553096 [egg-security] use methodnoallow middleware
2019-09-02 10:05:27,982 INFO 553096 [egg-security] use noopen middleware
2019-09-02 10:05:27,987 INFO 553096 [egg-security] use nosniff middleware
2019-09-02 10:05:27,988 INFO 553096 [egg-security] use xssProtection middleware
2019-09-02 10:05:27,990 INFO 553096 [egg-security] use xframe middleware
2019-09-02 10:05:27,991 INFO 553096 [egg-security] use dta middleware
2019-09-02 10:05:27,991 INFO 553096 [egg-security] compose 7 middlewares into one security middleware
2019-09-02 10:05:28,010 INFO 553096 [egg:core] dump config after load, 9ms
2019-09-02 10:05:28,033 INFO 553096 [egg-watcher:application] watcher start success
2019-09-02 10:05:28,042 INFO 553096 [egg:core] dump config after ready, 6ms
2019-09-02 10:06:08,754 INFO 551944 [egg:logger] init all loggers with options: {"dir":"E:\\forfun\\egg-demo\\logs\\egg-demo","encoding":"utf8","env":"local","level":"INFO","consoleLevel":"INFO","disableConsoleAfterReady":false,"outputJSON":false,"buffer":true,"appLogName":"egg-demo-web.log","coreLogName":"egg-web.log","agentLogName":"egg-agent.log","errorLogName":"common-error.log","coreLogger":{"consoleLevel":"WARN"},"allowDebugAtProd":false,"type":"application"}
2019-09-02 10:06:08,849 INFO 551944 [egg-multipart] stream mode enable
2019-09-02 10:06:09,250 INFO 551944 [egg-static] starting static serve /public/ -> E:\forfun\egg-demo\app\public
2019-09-02 10:06:09,264 INFO 551944 [egg-security] use csrf middleware
2019-09-02 10:06:09,270 INFO 551944 [egg-security] use methodnoallow middleware
2019-09-02 10:06:09,272 INFO 551944 [egg-security] use noopen middleware
2019-09-02 10:06:09,278 INFO 551944 [egg-security] use nosniff middleware
2019-09-02 10:06:09,280 INFO 551944 [egg-security] use xssProtection middleware
2019-09-02 10:06:09,283 INFO 551944 [egg-security] use xframe middleware
2019-09-02 10:06:09,285 INFO 551944 [egg-security] use dta middleware
2019-09-02 10:06:09,285 INFO 551944 [egg-security] compose 7 middlewares into one security middleware
2019-09-02 10:06:09,314 INFO 551944 [egg:core] dump config after load, 15ms
2019-09-02 10:06:09,341 INFO 551944 [egg-watcher:application] watcher start success
2019-09-02 10:06:09,353 INFO 551944 [egg:core] dump config after ready, 9ms
2019-09-02 10:08:24,697 INFO 553916 [egg:logger] init all loggers with options: {"dir":"E:\\forfun\\egg-demo\\logs\\egg-demo","encoding":"utf8","env":"local","level":"INFO","consoleLevel":"INFO","disableConsoleAfterReady":false,"outputJSON":false,"buffer":true,"appLogName":"egg-demo-web.log","coreLogName":"egg-web.log","agentLogName":"egg-agent.log","errorLogName":"common-error.log","coreLogger":{"consoleLevel":"WARN"},"allowDebugAtProd":false,"type":"application"}
2019-09-02 10:08:24,765 INFO 553916 [egg-multipart] stream mode enable
2019-09-02 10:08:25,010 INFO 553916 [egg-static] starting static serve /public/ -> E:\forfun\egg-demo\app\public
2019-09-02 10:08:25,020 INFO 553916 [egg-security] use csrf middleware
2019-09-02 10:08:25,025 INFO 553916 [egg-security] use methodnoallow middleware
2019-09-02 10:08:25,028 INFO 553916 [egg-security] use noopen middleware
2019-09-02 10:08:25,033 INFO 553916 [egg-security] use nosniff middleware
2019-09-02 10:08:25,035 INFO 553916 [egg-security] use xssProtection middleware
2019-09-02 10:08:25,036 INFO 553916 [egg-security] use xframe middleware
2019-09-02 10:08:25,038 INFO 553916 [egg-security] use dta middleware
2019-09-02 10:08:25,038 INFO 553916 [egg-security] compose 7 middlewares into one security middleware
2019-09-02 10:08:25,062 INFO 553916 [egg:core] dump config after load, 10ms
2019-09-02 10:08:25,087 INFO 553916 [egg-watcher:application] watcher start success
2019-09-02 10:08:25,103 INFO 553916 [egg:core] dump config after ready, 10ms
2019-09-02 10:08:52,969 INFO 553740 [egg:logger] init all loggers with options: {"dir":"E:\\forfun\\egg-demo\\logs\\egg-demo","encoding":"utf8","env":"local","level":"INFO","consoleLevel":"INFO","disableConsoleAfterReady":false,"outputJSON":false,"buffer":true,"appLogName":"egg-demo-web.log","coreLogName":"egg-web.log","agentLogName":"egg-agent.log","errorLogName":"common-error.log","coreLogger":{"consoleLevel":"WARN"},"allowDebugAtProd":false,"type":"application"}
2019-09-02 10:08:53,039 INFO 553740 [egg-multipart] stream mode enable
2019-09-02 10:08:53,286 INFO 553740 [egg-static] starting static serve /public/ -> E:\forfun\egg-demo\app\public
2019-09-02 10:08:53,297 INFO 553740 [egg-security] use csrf middleware
2019-09-02 10:08:53,301 INFO 553740 [egg-security] use methodnoallow middleware
2019-09-02 10:08:53,303 INFO 553740 [egg-security] use noopen middleware
2019-09-02 10:08:53,307 INFO 553740 [egg-security] use nosniff middleware
2019-09-02 10:08:53,310 INFO 553740 [egg-security] use xssProtection middleware
2019-09-02 10:08:53,312 INFO 553740 [egg-security] use xframe middleware
2019-09-02 10:08:53,314 INFO 553740 [egg-security] use dta middleware
2019-09-02 10:08:53,314 INFO 553740 [egg-security] compose 7 middlewares into one security middleware
2019-09-02 10:08:53,343 INFO 553740 [egg:core] dump config after load, 14ms
2019-09-02 10:08:53,373 INFO 553740 [egg-watcher:application] watcher start success
2019-09-02 10:08:53,391 INFO 553740 [egg:core] dump config after ready, 11ms
2019-09-02 10:10:02,720 INFO 548344 [egg:logger] init all loggers with options: {"dir":"E:\\forfun\\egg-demo\\logs\\egg-demo","encoding":"utf8","env":"local","level":"INFO","consoleLevel":"INFO","disableConsoleAfterReady":false,"outputJSON":false,"buffer":true,"appLogName":"egg-demo-web.log","coreLogName":"egg-web.log","agentLogName":"egg-agent.log","errorLogName":"common-error.log","coreLogger":{"consoleLevel":"WARN"},"allowDebugAtProd":false,"type":"application"}
2019-09-02 10:10:02,806 INFO 548344 [egg-multipart] stream mode enable
2019-09-02 10:10:03,099 INFO 548344 [egg-static] starting static serve /public/ -> E:\forfun\egg-demo\app\public
2019-09-02 10:10:03,109 INFO 548344 [egg-security] use csrf middleware
2019-09-02 10:10:03,114 INFO 548344 [egg-security] use methodnoallow middleware
2019-09-02 10:10:03,116 INFO 548344 [egg-security] use noopen middleware
2019-09-02 10:10:03,121 INFO 548344 [egg-security] use nosniff middleware
2019-09-02 10:10:03,124 INFO 548344 [egg-security] use xssProtection middleware
2019-09-02 10:10:03,125 INFO 548344 [egg-security] use xframe middleware
2019-09-02 10:10:03,127 INFO 548344 [egg-security] use dta middleware
2019-09-02 10:10:03,127 INFO 548344 [egg-security] compose 7 middlewares into one security middleware
2019-09-02 10:10:03,152 INFO 548344 [egg:core] dump config after load, 11ms
2019-09-02 10:10:03,175 INFO 548344 [egg-watcher:application] watcher start success
2019-09-02 10:10:03,186 INFO 548344 [egg:core] dump config after ready, 7ms
2019-09-02 10:10:39,217 INFO 551696 [egg:logger] init all loggers with options: {"dir":"E:\\forfun\\egg-demo\\logs\\egg-demo","encoding":"utf8","env":"local","level":"INFO","consoleLevel":"INFO","disableConsoleAfterReady":false,"outputJSON":false,"buffer":true,"appLogName":"egg-demo-web.log","coreLogName":"egg-web.log","agentLogName":"egg-agent.log","errorLogName":"common-error.log","coreLogger":{"consoleLevel":"WARN"},"allowDebugAtProd":false,"type":"application"}
2019-09-02 10:10:39,303 INFO 551696 [egg-multipart] stream mode enable
2019-09-02 10:10:39,567 INFO 551696 [egg-static] starting static serve /public/ -> E:\forfun\egg-demo\app\public
2019-09-02 10:10:39,577 INFO 551696 [egg-security] use csrf middleware
2019-09-02 10:10:39,581 INFO 551696 [egg-security] use methodnoallow middleware
2019-09-02 10:10:39,582 INFO 551696 [egg-security] use noopen middleware
2019-09-02 10:10:39,586 INFO 551696 [egg-security] use nosniff middleware
2019-09-02 10:10:39,588 INFO 551696 [egg-security] use xssProtection middleware
2019-09-02 10:10:39,590 INFO 551696 [egg-security] use xframe middleware
2019-09-02 10:10:39,592 INFO 551696 [egg-security] use dta middleware
2019-09-02 10:10:39,592 INFO 551696 [egg-security] compose 7 middlewares into one security middleware
2019-09-02 10:10:39,613 INFO 551696 [egg:core] dump config after load, 10ms
2019-09-02 10:10:39,643 INFO 551696 [egg-watcher:application] watcher start success
2019-09-02 10:10:39,653 INFO 551696 [egg:core] dump config after ready, 7ms
2019-09-04 11:35:43,961 INFO 677920 [egg:logger] init all loggers with options: {"dir":"E:\\forfun\\news-server\\logs\\egg-demo","encoding":"utf8","env":"local","level":"INFO","consoleLevel":"INFO","disableConsoleAfterReady":false,"outputJSON":false,"buffer":true,"appLogName":"egg-demo-web.log","coreLogName":"egg-web.log","agentLogName":"egg-agent.log","errorLogName":"common-error.log","coreLogger":{"consoleLevel":"WARN"},"allowDebugAtProd":false,"type":"application"}
2019-09-04 11:35:44,062 INFO 677920 [egg-multipart] stream mode enable
2019-09-04 11:35:45,425 INFO 677920 [egg-mongoose] connecting mongodb://admin:******@127.0.0.1:27017/admin
2019-09-04 11:35:45,756 INFO 677920 [egg-static] starting static serve /public/ -> E:\forfun\news-server\app\public
2019-09-04 11:35:45,769 INFO 677920 [egg-security] use csrf middleware
2019-09-04 11:35:45,774 INFO 677920 [egg-security] use methodnoallow middleware
2019-09-04 11:35:45,776 INFO 677920 [egg-security] use noopen middleware
2019-09-04 11:35:45,781 INFO 677920 [egg-security] use nosniff middleware
2019-09-04 11:35:45,783 INFO 677920 [egg-security] use xssProtection middleware
2019-09-04 11:35:45,785 INFO 677920 [egg-security] use xframe middleware
2019-09-04 11:35:45,786 INFO 677920 [egg-security] use dta middleware
2019-09-04 11:35:45,786 INFO 677920 [egg-security] compose 7 middlewares into one security middleware
2019-09-04 11:35:45,812 INFO 677920 [egg:core] dump config after load, 12ms
2019-09-04 11:35:45,819 INFO 677920 [egg-mongoose] starting...
2019-09-04 11:35:45,894 INFO 677920 [egg-watcher:application] watcher start success
2019-09-04 11:35:45,899 INFO 677920 [egg-mongoose] mongodb://admin:******@127.0.0.1:27017/admin connected successfully
2019-09-04 11:35:45,899 INFO 677920 [egg-mongoose] instance[0] start successfully
2019-09-04 11:35:45,915 INFO 677920 [egg:core] dump config after ready, 12ms
2019-09-04 11:38:51,986 INFO 681768 [egg:logger] init all loggers with options: {"dir":"E:\\forfun\\news-server\\logs\\egg-demo","encoding":"utf8","env":"local","level":"INFO","consoleLevel":"INFO","disableConsoleAfterReady":false,"outputJSON":false,"buffer":true,"appLogName":"egg-demo-web.log","coreLogName":"egg-web.log","agentLogName":"egg-agent.log","errorLogName":"common-error.log","coreLogger":{"consoleLevel":"WARN"},"allowDebugAtProd":false,"type":"application"}
2019-09-04 11:38:52,091 INFO 681768 [egg-multipart] stream mode enable
2019-09-04 11:38:53,733 INFO 681768 [egg-mongoose] connecting mongodb://admin:******@127.0.0.1:27017/admin
2019-09-04 11:38:54,335 INFO 681768 [egg-static] starting static serve /public/ -> E:\forfun\news-server\app\public
2019-09-04 11:38:54,365 INFO 681768 [egg-security] use csrf middleware
2019-09-04 11:38:54,375 INFO 681768 [egg-security] use methodnoallow middleware
2019-09-04 11:38:54,377 INFO 681768 [egg-security] use noopen middleware
2019-09-04 11:38:54,387 INFO 681768 [egg-security] use nosniff middleware
2019-09-04 11:38:54,390 INFO 681768 [egg-security] use xssProtection middleware
2019-09-04 11:38:54,393 INFO 681768 [egg-security] use xframe middleware
2019-09-04 11:38:54,396 INFO 681768 [egg-security] use dta middleware
2019-09-04 11:38:54,396 INFO 681768 [egg-security] compose 7 middlewares into one security middleware
2019-09-04 11:38:54,449 INFO 681768 [egg:core] dump config after load, 22ms
2019-09-04 11:38:54,462 INFO 681768 [egg-mongoose] starting...
2019-09-04 11:38:54,612 INFO 681768 [egg-watcher:application] watcher start success
2019-09-04 11:38:54,624 INFO 681768 [egg-mongoose] mongodb://admin:******@127.0.0.1:27017/admin connected successfully
2019-09-04 11:38:54,625 INFO 681768 [egg-mongoose] instance[0] start successfully
2019-09-04 11:38:54,646 INFO 681768 [egg:core] dump config after ready, 16ms
2019-09-04 12:08:05,200 INFO 680968 [egg:logger] init all loggers with options: {"dir":"E:\\forfun\\news-server\\logs\\egg-demo","encoding":"utf8","env":"local","level":"INFO","consoleLevel":"INFO","disableConsoleAfterReady":false,"outputJSON":false,"buffer":true,"appLogName":"egg-demo-web.log","coreLogName":"egg-web.log","agentLogName":"egg-agent.log","errorLogName":"common-error.log","coreLogger":{"consoleLevel":"WARN"},"allowDebugAtProd":false,"type":"application"}
2019-09-04 12:08:05,282 INFO 680968 [egg-multipart] stream mode enable
2019-09-04 12:08:06,649 INFO 680968 [egg-mongoose] connecting mongodb://admin:******@127.0.0.1:27017/admin
2019-09-04 12:08:06,976 INFO 680968 [egg-static] starting static serve /public/ -> E:\forfun\news-server\app\public
2019-09-04 12:08:06,987 INFO 680968 [egg-security] use csrf middleware
2019-09-04 12:08:06,992 INFO 680968 [egg-security] use methodnoallow middleware
2019-09-04 12:08:06,994 INFO 680968 [egg-security] use noopen middleware
2019-09-04 12:08:07,000 INFO 680968 [egg-security] use nosniff middleware
2019-09-04 12:08:07,002 INFO 680968 [egg-security] use xssProtection middleware
2019-09-04 12:08:07,004 INFO 680968 [egg-security] use xframe middleware
2019-09-04 12:08:07,006 INFO 680968 [egg-security] use dta middleware
2019-09-04 12:08:07,006 INFO 680968 [egg-security] compose 7 middlewares into one security middleware
2019-09-04 12:08:07,035 INFO 680968 [egg:core] dump config after load, 13ms
2019-09-04 12:08:07,043 INFO 680968 [egg-mongoose] starting...
2019-09-04 12:08:07,122 INFO 680968 [egg-watcher:application] watcher start success
2019-09-04 12:08:07,168 INFO 680968 [egg-mongoose] mongodb://admin:******@127.0.0.1:27017/admin connected successfully
2019-09-04 12:08:07,186 INFO 680968 [egg-mongoose] instance[0] start successfully
2019-09-04 12:08:07,202 INFO 680968 [egg:core] dump config after ready, 11ms
2019-09-04 12:10:14,263 INFO 681652 [egg:logger] init all loggers with options: {"dir":"E:\\forfun\\news-server\\logs\\egg-demo","encoding":"utf8","env":"local","level":"INFO","consoleLevel":"INFO","disableConsoleAfterReady":false,"outputJSON":false,"buffer":true,"appLogName":"egg-demo-web.log","coreLogName":"egg-web.log","agentLogName":"egg-agent.log","errorLogName":"common-error.log","coreLogger":{"consoleLevel":"WARN"},"allowDebugAtProd":false,"type":"application"}
2019-09-04 12:10:14,358 INFO 681652 [egg-multipart] stream mode enable
2019-09-04 12:10:15,716 INFO 681652 [egg-mongoose] connecting mongodb://admin:******@127.0.0.1:27017/admin
2019-09-04 12:10:16,159 INFO 681652 [egg-static] starting static serve /public/ -> E:\forfun\news-server\app\public
2019-09-04 12:10:16,171 INFO 681652 [egg-security] use csrf middleware
2019-09-04 12:10:16,176 INFO 681652 [egg-security] use methodnoallow middleware
2019-09-04 12:10:16,178 INFO 681652 [egg-security] use noopen middleware
2019-09-04 12:10:16,184 INFO 681652 [egg-security] use nosniff middleware
2019-09-04 12:10:16,187 INFO 681652 [egg-security] use xssProtection middleware
2019-09-04 12:10:16,189 INFO 681652 [egg-security] use xframe middleware
2019-09-04 12:10:16,191 INFO 681652 [egg-security] use dta middleware
2019-09-04 12:10:16,191 INFO 681652 [egg-security] compose 7 middlewares into one security middleware
2019-09-04 12:10:16,216 INFO 681652 [egg:core] dump config after load, 11ms
2019-09-04 12:10:16,222 INFO 681652 [egg-mongoose] starting...
2019-09-04 12:10:16,296 INFO 681652 [egg-watcher:application] watcher start success
2019-09-04 12:10:16,350 INFO 681652 [egg-mongoose] mongodb://admin:******@127.0.0.1:27017/admin connected successfully
2019-09-04 12:10:16,379 INFO 681652 [egg-mongoose] instance[0] start successfully
2019-09-04 12:10:16,425 INFO 681652 [egg:core] dump config after ready, 22ms
2019-09-04 12:10:53,018 INFO 678936 [egg:logger] init all loggers with options: {"dir":"E:\\forfun\\news-server\\logs\\egg-demo","encoding":"utf8","env":"local","level":"INFO","consoleLevel":"INFO","disableConsoleAfterReady":false,"outputJSON":false,"buffer":true,"appLogName":"egg-demo-web.log","coreLogName":"egg-web.log","agentLogName":"egg-agent.log","errorLogName":"common-error.log","coreLogger":{"consoleLevel":"WARN"},"allowDebugAtProd":false,"type":"application"}
2019-09-04 12:10:53,179 INFO 678936 [egg-multipart] stream mode enable
2019-09-04 12:10:54,958 INFO 678936 [egg-mongoose] connecting mongodb://admin:******@127.0.0.1:27017/admin
2019-09-04 12:10:55,565 INFO 678936 [egg-static] starting static serve /public/ -> E:\forfun\news-server\app\public
2019-09-04 12:10:55,583 INFO 678936 [egg-security] use csrf middleware
2019-09-04 12:10:55,591 INFO 678936 [egg-security] use methodnoallow middleware
2019-09-04 12:10:55,594 INFO 678936 [egg-security] use noopen middleware
2019-09-04 12:10:55,600 INFO 678936 [egg-security] use nosniff middleware
2019-09-04 12:10:55,603 INFO 678936 [egg-security] use xssProtection middleware
2019-09-04 12:10:55,606 INFO 678936 [egg-security] use xframe middleware
2019-09-04 12:10:55,609 INFO 678936 [egg-security] use dta middleware
2019-09-04 12:10:55,609 INFO 678936 [egg-security] compose 7 middlewares into one security middleware
2019-09-04 12:10:55,647 INFO 678936 [egg:core] dump config after load, 17ms
2019-09-04 12:10:55,656 INFO 678936 [egg-mongoose] starting...
2019-09-04 12:10:55,833 INFO 678936 [egg-watcher:application] watcher start success
2019-09-04 12:10:55,841 INFO 678936 [egg-mongoose] mongodb://admin:******@127.0.0.1:27017/admin connected successfully
2019-09-04 12:10:55,867 INFO 678936 [egg-mongoose] instance[0] start successfully
2019-09-04 12:10:55,894 INFO 678936 [egg:core] dump config after ready, 11ms
2019-09-04 12:11:30,076 INFO 684332 [egg:logger] init all loggers with options: {"dir":"E:\\forfun\\news-server\\logs\\egg-demo","encoding":"utf8","env":"local","level":"INFO","consoleLevel":"INFO","disableConsoleAfterReady":false,"outputJSON":false,"buffer":true,"appLogName":"egg-demo-web.log","coreLogName":"egg-web.log","agentLogName":"egg-agent.log","errorLogName":"common-error.log","coreLogger":{"consoleLevel":"WARN"},"allowDebugAtProd":false,"type":"application"}
2019-09-04 12:11:30,171 INFO 684332 [egg-multipart] stream mode enable
2019-09-04 12:11:31,542 INFO 684332 [egg-mongoose] connecting mongodb://admin:******@127.0.0.1:27017/admin
2019-09-04 12:11:31,884 INFO 684332 [egg-static] starting static serve /public/ -> E:\forfun\news-server\app\public
2019-09-04 12:11:31,897 INFO 684332 [egg-security] use csrf middleware
2019-09-04 12:11:31,902 INFO 684332 [egg-security] use methodnoallow middleware
2019-09-04 12:11:31,904 INFO 684332 [egg-security] use noopen middleware
2019-09-04 12:11:31,911 INFO 684332 [egg-security] use nosniff middleware
2019-09-04 12:11:31,913 INFO 684332 [egg-security] use xssProtection middleware
2019-09-04 12:11:31,916 INFO 684332 [egg-security] use xframe middleware
2019-09-04 12:11:31,918 INFO 684332 [egg-security] use dta middleware
2019-09-04 12:11:31,918 INFO 684332 [egg-security] compose 7 middlewares into one security middleware
2019-09-04 12:11:31,951 INFO 684332 [egg:core] dump config after load, 17ms
2019-09-04 12:11:31,959 INFO 684332 [egg-mongoose] starting...
2019-09-04 12:11:32,045 INFO 684332 [egg-watcher:application] watcher start success
2019-09-04 12:11:32,095 INFO 684332 [egg-mongoose] mongodb://admin:******@127.0.0.1:27017/admin connected successfully
2019-09-04 12:11:32,097 INFO 684332 [egg-mongoose] instance[0] start successfully
2019-09-04 12:11:32,114 INFO 684332 [egg:core] dump config after ready, 12ms
2019-09-04 12:12:19,701 INFO 683984 [egg:logger] init all loggers with options: {"dir":"E:\\forfun\\news-server\\logs\\egg-demo","encoding":"utf8","env":"local","level":"INFO","consoleLevel":"INFO","disableConsoleAfterReady":false,"outputJSON":false,"buffer":true,"appLogName":"egg-demo-web.log","coreLogName":"egg-web.log","agentLogName":"egg-agent.log","errorLogName":"common-error.log","coreLogger":{"consoleLevel":"WARN"},"allowDebugAtProd":false,"type":"application"}
2019-09-04 12:12:19,813 INFO 683984 [egg-multipart] stream mode enable
2019-09-04 12:12:21,208 INFO 683984 [egg-mongoose] connecting mongodb://admin:******@127.0.0.1:27017/admin
2019-09-04 12:12:21,783 INFO 683984 [egg-static] starting static serve /public/ -> E:\forfun\news-server\app\public
2019-09-04 12:12:21,803 INFO 683984 [egg-security] use csrf middleware
2019-09-04 12:12:21,812 INFO 683984 [egg-security] use methodnoallow middleware
2019-09-04 12:12:21,814 INFO 683984 [egg-security] use noopen middleware
2019-09-04 12:12:21,822 INFO 683984 [egg-security] use nosniff middleware
2019-09-04 12:12:21,824 INFO 683984 [egg-security] use xssProtection middleware
2019-09-04 12:12:21,828 INFO 683984 [egg-security] use xframe middleware
2019-09-04 12:12:21,835 INFO 683984 [egg-security] use dta middleware
2019-09-04 12:12:21,835 INFO 683984 [egg-security] compose 7 middlewares into one security middleware
2019-09-04 12:12:21,897 INFO 683984 [egg:core] dump config after load, 33ms
2019-09-04 12:12:21,913 INFO 683984 [egg-mongoose] starting...
2019-09-04 12:12:22,121 INFO 683984 [egg-watcher:application] watcher start success
2019-09-04 12:12:22,127 INFO 683984 [egg-mongoose] mongodb://admin:******@127.0.0.1:27017/admin connected successfully
2019-09-04 12:12:22,133 INFO 683984 [egg-mongoose] instance[0] start successfully
2019-09-04 12:12:22,155 INFO 683984 [egg:core] dump config after ready, 16ms
2019-09-04 12:12:30,122 INFO 684656 [egg:logger] init all loggers with options: {"dir":"E:\\forfun\\news-server\\logs\\egg-demo","encoding":"utf8","env":"local","level":"INFO","consoleLevel":"INFO","disableConsoleAfterReady":false,"outputJSON":false,"buffer":true,"appLogName":"egg-demo-web.log","coreLogName":"egg-web.log","agentLogName":"egg-agent.log","errorLogName":"common-error.log","coreLogger":{"consoleLevel":"WARN"},"allowDebugAtProd":false,"type":"application"}
2019-09-04 12:12:30,275 INFO 684656 [egg-multipart] stream mode enable
2019-09-04 12:12:33,121 INFO 684656 [egg-mongoose] connecting mongodb://admin:******@127.0.0.1:27017/admin
2019-09-04 12:12:33,588 INFO 684656 [egg-static] starting static serve /public/ -> E:\forfun\news-server\app\public
2019-09-04 12:12:33,602 INFO 684656 [egg-security] use csrf middleware
2019-09-04 12:12:33,608 INFO 684656 [egg-security] use methodnoallow middleware
2019-09-04 12:12:33,610 INFO 684656 [egg-security] use noopen middleware
2019-09-04 12:12:33,615 INFO 684656 [egg-security] use nosniff middleware
2019-09-04 12:12:33,617 INFO 684656 [egg-security] use xssProtection middleware
2019-09-04 12:12:33,619 INFO 684656 [egg-security] use xframe middleware
2019-09-04 12:12:33,621 INFO 684656 [egg-security] use dta middleware
2019-09-04 12:12:33,621 INFO 684656 [egg-security] compose 7 middlewares into one security middleware
2019-09-04 12:12:33,661 INFO 684656 [egg:core] dump config after load, 20ms
2019-09-04 12:12:33,670 INFO 684656 [egg-mongoose] starting...
2019-09-04 12:12:33,785 INFO 684656 [egg-watcher:application] watcher start success
2019-09-04 12:12:33,863 INFO 684656 [egg-mongoose] mongodb://admin:******@127.0.0.1:27017/admin connected successfully
2019-09-04 12:12:33,865 INFO 684656 [egg-mongoose] instance[0] start successfully
2019-09-04 12:12:33,892 INFO 684656 [egg:core] dump config after ready, 14ms
2019-09-04 12:16:52,043 INFO 686028 [egg:logger] init all loggers with options: {"dir":"E:\\forfun\\news-server\\logs\\egg-demo","encoding":"utf8","env":"local","level":"INFO","consoleLevel":"INFO","disableConsoleAfterReady":false,"outputJSON":false,"buffer":true,"appLogName":"egg-demo-web.log","coreLogName":"egg-web.log","agentLogName":"egg-agent.log","errorLogName":"common-error.log","coreLogger":{"consoleLevel":"WARN"},"allowDebugAtProd":false,"type":"application"}
2019-09-04 12:16:52,141 INFO 686028 [egg-multipart] stream mode enable
2019-09-04 12:16:53,704 INFO 686028 [egg-mongoose] connecting mongodb://admin:******@127.0.0.1:27017/admin
2019-09-04 12:16:54,093 INFO 686028 [egg-static] starting static serve /public/ -> E:\forfun\news-server\app\public
2019-09-04 12:16:54,108 INFO 686028 [egg-security] use csrf middleware
2019-09-04 12:16:54,114 INFO 686028 [egg-security] use methodnoallow middleware
2019-09-04 12:16:54,117 INFO 686028 [egg-security] use noopen middleware
2019-09-04 12:16:54,123 INFO 686028 [egg-security] use nosniff middleware
2019-09-04 12:16:54,125 INFO 686028 [egg-security] use xssProtection middleware
2019-09-04 12:16:54,128 INFO 686028 [egg-security] use xframe middleware
2019-09-04 12:16:54,130 INFO 686028 [egg-security] use dta middleware
2019-09-04 12:16:54,130 INFO 686028 [egg-security] compose 7 middlewares into one security middleware
2019-09-04 12:16:54,158 INFO 686028 [egg:core] dump config after load, 13ms
2019-09-04 12:16:54,165 INFO 686028 [egg-mongoose] starting...
2019-09-04 12:16:54,257 INFO 686028 [egg-watcher:application] watcher start success
2019-09-04 12:16:54,313 INFO 686028 [egg-mongoose] mongodb://admin:******@127.0.0.1:27017/admin connected successfully
2019-09-04 12:16:54,315 INFO 686028 [egg-mongoose] instance[0] start successfully
2019-09-04 12:16:54,334 INFO 686028 [egg:core] dump config after ready, 14ms
2019-09-04 12:17:58,609 INFO 684180 [egg:logger] init all loggers with options: {"dir":"E:\\forfun\\news-server\\logs\\egg-demo","encoding":"utf8","env":"local","level":"INFO","consoleLevel":"INFO","disableConsoleAfterReady":false,"outputJSON":false,"buffer":true,"appLogName":"egg-demo-web.log","coreLogName":"egg-web.log","agentLogName":"egg-agent.log","errorLogName":"common-error.log","coreLogger":{"consoleLevel":"WARN"},"allowDebugAtProd":false,"type":"application"}
2019-09-04 12:17:58,717 INFO 684180 [egg-multipart] stream mode enable
2019-09-04 12:18:00,101 INFO 684180 [egg-mongoose] connecting mongodb://admin:******@127.0.0.1:27017/admin
2019-09-04 12:18:00,430 INFO 684180 [egg-static] starting static serve /public/ -> E:\forfun\news-server\app\public
2019-09-04 12:18:00,443 INFO 684180 [egg-security] use csrf middleware
2019-09-04 12:18:00,449 INFO 684180 [egg-security] use methodnoallow middleware
2019-09-04 12:18:00,451 INFO 684180 [egg-security] use noopen middleware
2019-09-04 12:18:00,457 INFO 684180 [egg-security] use nosniff middleware
2019-09-04 12:18:00,458 INFO 684180 [egg-security] use xssProtection middleware
2019-09-04 12:18:00,460 INFO 684180 [egg-security] use xframe middleware
2019-09-04 12:18:00,462 INFO 684180 [egg-security] use dta middleware
2019-09-04 12:18:00,462 INFO 684180 [egg-security] compose 7 middlewares into one security middleware
2019-09-04 12:18:00,487 INFO 684180 [egg:core] dump config after load, 12ms
2019-09-04 12:18:00,493 INFO 684180 [egg-mongoose] starting...
2019-09-04 12:18:00,559 INFO 684180 [egg-watcher:application] watcher start success
2019-09-04 12:18:00,604 INFO 684180 [egg-mongoose] mongodb://admin:******@127.0.0.1:27017/admin connected successfully
2019-09-04 12:18:00,607 INFO 684180 [egg-mongoose] instance[0] start successfully
2019-09-04 12:18:00,623 INFO 684180 [egg:core] dump config after ready, 11ms
2019-09-04 12:18:26,819 INFO 683736 [egg:logger] init all loggers with options: {"dir":"E:\\forfun\\news-server\\logs\\egg-demo","encoding":"utf8","env":"local","level":"INFO","consoleLevel":"INFO","disableConsoleAfterReady":false,"outputJSON":false,"buffer":true,"appLogName":"egg-demo-web.log","coreLogName":"egg-web.log","agentLogName":"egg-agent.log","errorLogName":"common-error.log","coreLogger":{"consoleLevel":"WARN"},"allowDebugAtProd":false,"type":"application"}
2019-09-04 12:18:26,906 INFO 683736 [egg-multipart] stream mode enable
2019-09-04 12:18:28,418 INFO 683736 [egg-mongoose] connecting mongodb://admin:******@127.0.0.1:27017/admin
2019-09-04 12:18:28,749 INFO 683736 [egg-static] starting static serve /public/ -> E:\forfun\news-server\app\public
2019-09-04 12:18:28,760 INFO 683736 [egg-security] use csrf middleware
2019-09-04 12:18:28,767 INFO 683736 [egg-security] use methodnoallow middleware
2019-09-04 12:18:28,769 INFO 683736 [egg-security] use noopen middleware
2019-09-04 12:18:28,774 INFO 683736 [egg-security] use nosniff middleware
2019-09-04 12:18:28,775 INFO 683736 [egg-security] use xssProtection middleware
2019-09-04 12:18:28,778 INFO 683736 [egg-security] use xframe middleware
2019-09-04 12:18:28,779 INFO 683736 [egg-security] use dta middleware
2019-09-04 12:18:28,779 INFO 683736 [egg-security] compose 7 middlewares into one security middleware
2019-09-04 12:18:28,804 INFO 683736 [egg:core] dump config after load, 11ms
2019-09-04 12:18:28,812 INFO 683736 [egg-mongoose] starting...
2019-09-04 12:18:28,874 INFO 683736 [egg-watcher:application] watcher start success
2019-09-04 12:18:28,918 INFO 683736 [egg-mongoose] mongodb://admin:******@127.0.0.1:27017/admin connected successfully
2019-09-04 12:18:28,920 INFO 683736 [egg-mongoose] instance[0] start successfully
2019-09-04 12:18:28,933 INFO 683736 [egg:core] dump config after ready, 8ms
2019-09-04 12:22:14,630 INFO 684628 [egg:logger] init all loggers with options: {"dir":"E:\\forfun\\news-server\\logs\\egg-demo","encoding":"utf8","env":"local","level":"INFO","consoleLevel":"INFO","disableConsoleAfterReady":false,"outputJSON":false,"buffer":true,"appLogName":"egg-demo-web.log","coreLogName":"egg-web.log","agentLogName":"egg-agent.log","errorLogName":"common-error.log","coreLogger":{"consoleLevel":"WARN"},"allowDebugAtProd":false,"type":"application"}
2019-09-04 12:22:14,760 INFO 684628 [egg-multipart] stream mode enable
2019-09-04 12:22:16,135 INFO 684628 [egg-mongoose] connecting mongodb://admin:******@127.0.0.1:27017/admin
2019-09-04 12:22:16,499 INFO 684628 [egg-static] starting static serve /public/ -> E:\forfun\news-server\app\public
2019-09-04 12:22:16,512 INFO 684628 [egg-security] use csrf middleware
2019-09-04 12:22:16,519 INFO 684628 [egg-security] use methodnoallow middleware
2019-09-04 12:22:16,521 INFO 684628 [egg-security] use noopen middleware
2019-09-04 12:22:16,528 INFO 684628 [egg-security] use nosniff middleware
2019-09-04 12:22:16,531 INFO 684628 [egg-security] use xssProtection middleware
2019-09-04 12:22:16,533 INFO 684628 [egg-security] use xframe middleware
2019-09-04 12:22:16,535 INFO 684628 [egg-security] use dta middleware
2019-09-04 12:22:16,535 INFO 684628 [egg-security] compose 7 middlewares into one security middleware
2019-09-04 12:22:16,568 INFO 684628 [egg:core] dump config after load, 17ms
2019-09-04 12:22:16,575 INFO 684628 [egg-mongoose] starting...
2019-09-04 12:22:16,718 INFO 684628 [egg-watcher:application] watcher start success
2019-09-04 12:22:16,724 INFO 684628 [egg-mongoose] mongodb://admin:******@127.0.0.1:27017/admin connected successfully
2019-09-04 12:22:16,727 INFO 684628 [egg-mongoose] instance[0] start successfully
2019-09-04 12:22:16,744 INFO 684628 [egg:core] dump config after ready, 12ms
2019-09-04 13:20:47,716 INFO 689576 [egg:logger] init all loggers with options: {"dir":"E:\\forfun\\news-server\\logs\\egg-demo","encoding":"utf8","env":"local","level":"INFO","consoleLevel":"INFO","disableConsoleAfterReady":false,"outputJSON":false,"buffer":true,"appLogName":"egg-demo-web.log","coreLogName":"egg-web.log","agentLogName":"egg-agent.log","errorLogName":"common-error.log","coreLogger":{"consoleLevel":"WARN"},"allowDebugAtProd":false,"type":"application"}
2019-09-04 13:20:47,822 INFO 689576 [egg-multipart] stream mode enable
2019-09-04 13:20:49,208 INFO 689576 [egg-mongoose] connecting mongodb://admin:******@127.0.0.1:27017/admin
2019-09-04 13:20:49,581 INFO 689576 [egg-static] starting static serve /public/ -> E:\forfun\news-server\app\public
2019-09-04 13:20:49,593 INFO 689576 [egg-security] use csrf middleware
2019-09-04 13:20:49,598 INFO 689576 [egg-security] use methodnoallow middleware
2019-09-04 13:20:49,599 INFO 689576 [egg-security] use noopen middleware
2019-09-04 13:20:49,604 INFO 689576 [egg-security] use nosniff middleware
2019-09-04 13:20:49,607 INFO 689576 [egg-security] use xssProtection middleware
2019-09-04 13:20:49,608 INFO 689576 [egg-security] use xframe middleware
2019-09-04 13:20:49,610 INFO 689576 [egg-security] use dta middleware
2019-09-04 13:20:49,610 INFO 689576 [egg-security] compose 7 middlewares into one security middleware
2019-09-04 13:20:49,635 INFO 689576 [egg:core] dump config after load, 11ms
2019-09-04 13:20:49,643 INFO 689576 [egg-mongoose] starting...
2019-09-04 13:20:49,720 INFO 689576 [egg-watcher:application] watcher start success
2019-09-04 13:20:49,760 INFO 689576 [egg-mongoose] mongodb://admin:******@127.0.0.1:27017/admin connected successfully
2019-09-04 13:20:49,762 INFO 689576 [egg-mongoose] instance[0] start successfully
2019-09-04 13:20:49,777 INFO 689576 [egg:core] dump config after ready, 11ms
2019-09-04 13:22:29,325 INFO 692044 [egg:logger] init all loggers with options: {"dir":"E:\\forfun\\news-server\\logs\\egg-demo","encoding":"utf8","env":"local","level":"INFO","consoleLevel":"INFO","disableConsoleAfterReady":false,"outputJSON":false,"buffer":true,"appLogName":"egg-demo-web.log","coreLogName":"egg-web.log","agentLogName":"egg-agent.log","errorLogName":"common-error.log","coreLogger":{"consoleLevel":"WARN"},"allowDebugAtProd":false,"type":"application"}
2019-09-04 13:22:29,414 INFO 692044 [egg-multipart] stream mode enable
2019-09-04 13:22:30,829 INFO 692044 [egg-mongoose] connecting mongodb://admin:******@127.0.0.1:27017/admin
2019-09-04 13:22:31,162 INFO 692044 [egg-static] starting static serve /public/ -> E:\forfun\news-server\app\public
2019-09-04 13:22:31,175 INFO 692044 [egg-security] use csrf middleware
2019-09-04 13:22:31,181 INFO 692044 [egg-security] use methodnoallow middleware
2019-09-04 13:22:31,183 INFO 692044 [egg-security] use noopen middleware
2019-09-04 13:22:31,188 INFO 692044 [egg-security] use nosniff middleware
2019-09-04 13:22:31,190 INFO 692044 [egg-security] use xssProtection middleware
2019-09-04 13:22:31,192 INFO 692044 [egg-security] use xframe middleware
2019-09-04 13:22:31,194 INFO 692044 [egg-security] use dta middleware
2019-09-04 13:22:31,194 INFO 692044 [egg-security] compose 7 middlewares into one security middleware
2019-09-04 13:22:31,220 INFO 692044 [egg:core] dump config after load, 11ms
2019-09-04 13:22:31,226 INFO 692044 [egg-mongoose] starting...
2019-09-04 13:22:31,299 INFO 692044 [egg-watcher:application] watcher start success
2019-09-04 13:22:31,344 INFO 692044 [egg-mongoose] mongodb://admin:******@127.0.0.1:27017/admin connected successfully
2019-09-04 13:22:31,346 INFO 692044 [egg-mongoose] instance[0] start successfully
2019-09-04 13:22:31,364 INFO 692044 [egg:core] dump config after ready, 14ms
2019-09-04 13:22:36,873 INFO 689872 [egg:logger] init all loggers with options: {"dir":"E:\\forfun\\news-server\\logs\\egg-demo","encoding":"utf8","env":"local","level":"INFO","consoleLevel":"INFO","disableConsoleAfterReady":false,"outputJSON":false,"buffer":true,"appLogName":"egg-demo-web.log","coreLogName":"egg-web.log","agentLogName":"egg-agent.log","errorLogName":"common-error.log","coreLogger":{"consoleLevel":"WARN"},"allowDebugAtProd":false,"type":"application"}
2019-09-04 13:22:37,044 INFO 689872 [egg-multipart] stream mode enable
2019-09-04 13:22:38,743 INFO 689872 [egg-mongoose] connecting mongodb://admin:******@127.0.0.1:27017/admin
2019-09-04 13:22:39,325 INFO 689872 [egg-static] starting static serve /public/ -> E:\forfun\news-server\app\public
2019-09-04 13:22:39,340 INFO 689872 [egg-security] use csrf middleware
2019-09-04 13:22:39,348 INFO 689872 [egg-security] use methodnoallow middleware
2019-09-04 13:22:39,350 INFO 689872 [egg-security] use noopen middleware
2019-09-04 13:22:39,356 INFO 689872 [egg-security] use nosniff middleware
2019-09-04 13:22:39,358 INFO 689872 [egg-security] use xssProtection middleware
2019-09-04 13:22:39,360 INFO 689872 [egg-security] use xframe middleware
2019-09-04 13:22:39,362 INFO 689872 [egg-security] use dta middleware
2019-09-04 13:22:39,362 INFO 689872 [egg-security] compose 7 middlewares into one security middleware
2019-09-04 13:22:39,407 INFO 689872 [egg:core] dump config after load, 25ms
2019-09-04 13:22:39,418 INFO 689872 [egg-mongoose] starting...
2019-09-04 13:22:39,615 INFO 689872 [egg-watcher:application] watcher start success
2019-09-04 13:22:39,622 INFO 689872 [egg-mongoose] mongodb://admin:******@127.0.0.1:27017/admin connected successfully
2019-09-04 13:22:39,625 INFO 689872 [egg-mongoose] instance[0] start successfully
2019-09-04 13:22:39,643 INFO 689872 [egg:core] dump config after ready, 12ms
2019-09-04 13:23:31,366 INFO 692216 [egg:logger] init all loggers with options: {"dir":"E:\\forfun\\news-server\\logs\\egg-demo","encoding":"utf8","env":"local","level":"INFO","consoleLevel":"INFO","disableConsoleAfterReady":false,"outputJSON":false,"buffer":true,"appLogName":"egg-demo-web.log","coreLogName":"egg-web.log","agentLogName":"egg-agent.log","errorLogName":"common-error.log","coreLogger":{"consoleLevel":"WARN"},"allowDebugAtProd":false,"type":"application"}
2019-09-04 13:23:31,471 INFO 692216 [egg-multipart] stream mode enable
2019-09-04 13:23:32,981 INFO 692216 [egg-mongoose] connecting mongodb://admin:******@127.0.0.1:27017/admin
2019-09-04 13:23:33,377 INFO 692216 [egg-static] starting static serve /public/ -> E:\forfun\news-server\app\public
2019-09-04 13:23:33,391 INFO 692216 [egg-security] use csrf middleware
2019-09-04 13:23:33,399 INFO 692216 [egg-security] use methodnoallow middleware
2019-09-04 13:23:33,402 INFO 692216 [egg-security] use noopen middleware
2019-09-04 13:23:33,409 INFO 692216 [egg-security] use nosniff middleware
2019-09-04 13:23:33,412 INFO 692216 [egg-security] use xssProtection middleware
2019-09-04 13:23:33,414 INFO 692216 [egg-security] use xframe middleware
2019-09-04 13:23:33,417 INFO 692216 [egg-security] use dta middleware
2019-09-04 13:23:33,417 INFO 692216 [egg-security] compose 7 middlewares into one security middleware
2019-09-04 13:23:33,452 INFO 692216 [egg:core] dump config after load, 17ms
2019-09-04 13:23:33,459 INFO 692216 [egg-mongoose] starting...
2019-09-04 13:23:33,552 INFO 692216 [egg-watcher:application] watcher start success
2019-09-04 13:23:33,614 INFO 692216 [egg-mongoose] mongodb://admin:******@127.0.0.1:27017/admin connected successfully
2019-09-04 13:23:33,616 INFO 692216 [egg-mongoose] instance[0] start successfully
2019-09-04 13:23:33,644 INFO 692216 [egg:core] dump config after ready, 23ms
2019-09-04 13:25:03,926 INFO 690620 [egg:logger] init all loggers with options: {"dir":"E:\\forfun\\news-server\\logs\\egg-demo","encoding":"utf8","env":"local","level":"INFO","consoleLevel":"INFO","disableConsoleAfterReady":false,"outputJSON":false,"buffer":true,"appLogName":"egg-demo-web.log","coreLogName":"egg-web.log","agentLogName":"egg-agent.log","errorLogName":"common-error.log","coreLogger":{"consoleLevel":"WARN"},"allowDebugAtProd":false,"type":"application"}
2019-09-04 13:25:04,017 INFO 690620 [egg-multipart] stream mode enable
2019-09-04 13:25:05,375 INFO 690620 [egg-mongoose] connecting mongodb://admin:******@127.0.0.1:27017/admin
2019-09-04 13:25:05,758 INFO 690620 [egg-static] starting static serve /public/ -> E:\forfun\news-server\app\public
2019-09-04 13:25:05,773 INFO 690620 [egg-security] use csrf middleware
2019-09-04 13:25:05,780 INFO 690620 [egg-security] use methodnoallow middleware
2019-09-04 13:25:05,784 INFO 690620 [egg-security] use noopen middleware
2019-09-04 13:25:05,790 INFO 690620 [egg-security] use nosniff middleware
2019-09-04 13:25:05,792 INFO 690620 [egg-security] use xssProtection middleware
2019-09-04 13:25:05,795 INFO 690620 [egg-security] use xframe middleware
2019-09-04 13:25:05,799 INFO 690620 [egg-security] use dta middleware
2019-09-04 13:25:05,799 INFO 690620 [egg-security] compose 7 middlewares into one security middleware
2019-09-04 13:25:05,829 INFO 690620 [egg:core] dump config after load, 13ms
2019-09-04 13:25:05,837 INFO 690620 [egg-mongoose] starting...
2019-09-04 13:25:05,905 INFO 690620 [egg-watcher:application] watcher start success
2019-09-04 13:25:05,954 INFO 690620 [egg-mongoose] mongodb://admin:******@127.0.0.1:27017/admin connected successfully
2019-09-04 13:25:05,956 INFO 690620 [egg-mongoose] instance[0] start successfully
2019-09-04 13:25:05,970 INFO 690620 [egg:core] dump config after ready, 10ms
2019-09-04 13:32:44,102 INFO 691324 [egg:logger] init all loggers with options: {"dir":"E:\\forfun\\news-server\\logs\\egg-demo","encoding":"utf8","env":"local","level":"INFO","consoleLevel":"INFO","disableConsoleAfterReady":false,"outputJSON":false,"buffer":true,"appLogName":"egg-demo-web.log","coreLogName":"egg-web.log","agentLogName":"egg-agent.log","errorLogName":"common-error.log","coreLogger":{"consoleLevel":"WARN"},"allowDebugAtProd":false,"type":"application"}
2019-09-04 13:32:44,250 INFO 691324 [egg-multipart] stream mode enable
2019-09-04 13:32:46,289 INFO 691324 [egg-mongoose] connecting mongodb://admin:******@127.0.0.1:27017/admin
2019-09-04 13:32:46,988 INFO 691324 [egg-static] starting static serve /public/ -> E:\forfun\news-server\app\public
2019-09-04 13:32:47,007 INFO 691324 [egg-security] use csrf middleware
2019-09-04 13:32:47,015 INFO 691324 [egg-security] use methodnoallow middleware
2019-09-04 13:32:47,018 INFO 691324 [egg-security] use noopen middleware
2019-09-04 13:32:47,028 INFO 691324 [egg-security] use nosniff middleware
2019-09-04 13:32:47,031 INFO 691324 [egg-security] use xssProtection middleware
2019-09-04 13:32:47,034 INFO 691324 [egg-security] use xframe middleware
2019-09-04 13:32:47,037 INFO 691324 [egg-security] use dta middleware
2019-09-04 13:32:47,037 INFO 691324 [egg-security] compose 7 middlewares into one security middleware
2019-09-04 13:32:47,082 INFO 691324 [egg:core] dump config after load, 22ms
2019-09-04 13:32:47,095 INFO 691324 [egg-mongoose] starting...
2019-09-04 13:32:47,269 INFO 691324 [egg-watcher:application] watcher start success
2019-09-04 13:32:47,278 INFO 691324 [egg-mongoose] mongodb://admin:******@127.0.0.1:27017/admin connected successfully
2019-09-04 13:32:47,280 INFO 691324 [egg-mongoose] instance[0] start successfully
2019-09-04 13:32:47,300 INFO 691324 [egg:core] dump config after ready, 15ms
2019-09-04 13:34:02,431 INFO 692584 [egg:logger] init all loggers with options: {"dir":"E:\\forfun\\news-server\\logs\\egg-demo","encoding":"utf8","env":"local","level":"INFO","consoleLevel":"INFO","disableConsoleAfterReady":false,"outputJSON":false,"buffer":true,"appLogName":"egg-demo-web.log","coreLogName":"egg-web.log","agentLogName":"egg-agent.log","errorLogName":"common-error.log","coreLogger":{"consoleLevel":"WARN"},"allowDebugAtProd":false,"type":"application"}
2019-09-04 13:34:02,530 INFO 692584 [egg-multipart] stream mode enable
2019-09-04 13:34:04,379 INFO 692584 [egg-mongoose] connecting mongodb://admin:******@127.0.0.1:27017/admin
2019-09-04 13:34:04,720 INFO 692584 [egg-static] starting static serve /public/ -> E:\forfun\news-server\app\public
2019-09-04 13:34:04,731 INFO 692584 [egg-security] use csrf middleware
2019-09-04 13:34:04,737 INFO 692584 [egg-security] use methodnoallow middleware
2019-09-04 13:34:04,738 INFO 692584 [egg-security] use noopen middleware
2019-09-04 13:34:04,744 INFO 692584 [egg-security] use nosniff middleware
2019-09-04 13:34:04,745 INFO 692584 [egg-security] use xssProtection middleware
2019-09-04 13:34:04,748 INFO 692584 [egg-security] use xframe middleware
2019-09-04 13:34:04,750 INFO 692584 [egg-security] use dta middleware
2019-09-04 13:34:04,750 INFO 692584 [egg-security] compose 7 middlewares into one security middleware
2019-09-04 13:34:04,776 INFO 692584 [egg:core] dump config after load, 11ms
2019-09-04 13:34:04,785 INFO 692584 [egg-mongoose] starting...
2019-09-04 13:34:04,903 INFO 692584 [egg-watcher:application] watcher start success
2019-09-04 13:34:04,910 INFO 692584 [egg-mongoose] mongodb://admin:******@127.0.0.1:27017/admin connected successfully
2019-09-04 13:34:04,912 INFO 692584 [egg-mongoose] instance[0] start successfully
2019-09-04 13:34:04,930 INFO 692584 [egg:core] dump config after ready, 15ms
2019-09-04 13:34:21,782 INFO 692852 [egg:logger] init all loggers with options: {"dir":"E:\\forfun\\news-server\\logs\\egg-demo","encoding":"utf8","env":"local","level":"INFO","consoleLevel":"INFO","disableConsoleAfterReady":false,"outputJSON":false,"buffer":true,"appLogName":"egg-demo-web.log","coreLogName":"egg-web.log","agentLogName":"egg-agent.log","errorLogName":"common-error.log","coreLogger":{"consoleLevel":"WARN"},"allowDebugAtProd":false,"type":"application"}
2019-09-04 13:34:21,880 INFO 692852 [egg-multipart] stream mode enable
2019-09-04 13:34:23,299 INFO 692852 [egg-mongoose] connecting mongodb://admin:******@127.0.0.1:27017/admin
2019-09-04 13:34:23,668 INFO 692852 [egg-static] starting static serve /public/ -> E:\forfun\news-server\app\public
2019-09-04 13:34:23,682 INFO 692852 [egg-security] use csrf middleware
2019-09-04 13:34:23,690 INFO 692852 [egg-security] use methodnoallow middleware
2019-09-04 13:34:23,692 INFO 692852 [egg-security] use noopen middleware
2019-09-04 13:34:23,697 INFO 692852 [egg-security] use nosniff middleware
2019-09-04 13:34:23,699 INFO 692852 [egg-security] use xssProtection middleware
2019-09-04 13:34:23,702 INFO 692852 [egg-security] use xframe middleware
2019-09-04 13:34:23,704 INFO 692852 [egg-security] use dta middleware
2019-09-04 13:34:23,704 INFO 692852 [egg-security] compose 7 middlewares into one security middleware
2019-09-04 13:34:23,743 INFO 692852 [egg:core] dump config after load, 22ms
2019-09-04 13:34:23,750 INFO 692852 [egg-mongoose] starting...
2019-09-04 13:34:23,838 INFO 692852 [egg-watcher:application] watcher start success
2019-09-04 13:34:23,886 INFO 692852 [egg-mongoose] mongodb://admin:******@127.0.0.1:27017/admin connected successfully
2019-09-04 13:34:23,889 INFO 692852 [egg-mongoose] instance[0] start successfully
2019-09-04 13:34:23,907 INFO 692852 [egg:core] dump config after ready, 14ms
2019-09-04 13:36:02,123 INFO 693136 [egg:logger] init all loggers with options: {"dir":"E:\\forfun\\news-server\\logs\\egg-demo","encoding":"utf8","env":"local","level":"INFO","consoleLevel":"INFO","disableConsoleAfterReady":false,"outputJSON":false,"buffer":true,"appLogName":"egg-demo-web.log","coreLogName":"egg-web.log","agentLogName":"egg-agent.log","errorLogName":"common-error.log","coreLogger":{"consoleLevel":"WARN"},"allowDebugAtProd":false,"type":"application"}
2019-09-04 13:36:02,213 INFO 693136 [egg-multipart] stream mode enable
2019-09-04 13:36:05,129 INFO 693136 [egg-mongoose] connecting mongodb://admin:******@127.0.0.1:27017/admin
2019-09-04 13:36:06,332 INFO 693136 [egg-static] starting static serve /public/ -> E:\forfun\news-server\app\public
2019-09-04 13:36:06,353 INFO 693136 [egg-security] use csrf middleware
2019-09-04 13:36:06,361 INFO 693136 [egg-security] use methodnoallow middleware
2019-09-04 13:36:06,364 INFO 693136 [egg-security] use noopen middleware
2019-09-04 13:36:06,380 INFO 693136 [egg-security] use nosniff middleware
2019-09-04 13:36:06,383 INFO 693136 [egg-security] use xssProtection middleware
2019-09-04 13:36:06,390 INFO 693136 [egg-security] use xframe middleware
2019-09-04 13:36:06,395 INFO 693136 [egg-security] use dta middleware
2019-09-04 13:36:06,395 INFO 693136 [egg-security] compose 7 middlewares into one security middleware
2019-09-04 13:36:06,469 INFO 693136 [egg:core] dump config after load, 49ms
2019-09-04 13:36:06,493 INFO 693136 [egg-mongoose] starting...
2019-09-04 13:36:06,787 INFO 693136 [egg-watcher:application] watcher start success
2019-09-04 13:36:06,811 INFO 693136 [egg-mongoose] mongodb://admin:******@127.0.0.1:27017/admin connected successfully
2019-09-04 13:36:06,813 INFO 693136 [egg-mongoose] instance[0] start successfully
2019-09-04 13:36:06,845 INFO 693136 [egg:core] dump config after ready, 26ms
2019-09-04 13:36:17,296 INFO 689748 [egg:logger] init all loggers with options: {"dir":"E:\\forfun\\news-server\\logs\\egg-demo","encoding":"utf8","env":"local","level":"INFO","consoleLevel":"INFO","disableConsoleAfterReady":false,"outputJSON":false,"buffer":true,"appLogName":"egg-demo-web.log","coreLogName":"egg-web.log","agentLogName":"egg-agent.log","errorLogName":"common-error.log","coreLogger":{"consoleLevel":"WARN"},"allowDebugAtProd":false,"type":"application"}
2019-09-04 13:36:17,497 INFO 689748 [egg-multipart] stream mode enable
2019-09-04 13:36:19,739 INFO 689748 [egg-mongoose] connecting mongodb://admin:******@127.0.0.1:27017/admin
2019-09-04 13:36:20,125 INFO 689748 [egg-static] starting static serve /public/ -> E:\forfun\news-server\app\public
2019-09-04 13:36:20,140 INFO 689748 [egg-security] use csrf middleware
2019-09-04 13:36:20,146 INFO 689748 [egg-security] use methodnoallow middleware
2019-09-04 13:36:20,148 INFO 689748 [egg-security] use noopen middleware
2019-09-04 13:36:20,155 INFO 689748 [egg-security] use nosniff middleware
2019-09-04 13:36:20,157 INFO 689748 [egg-security] use xssProtection middleware
2019-09-04 13:36:20,159 INFO 689748 [egg-security] use xframe middleware
2019-09-04 13:36:20,161 INFO 689748 [egg-security] use dta middleware
2019-09-04 13:36:20,161 INFO 689748 [egg-security] compose 7 middlewares into one security middleware
2019-09-04 13:36:20,192 INFO 689748 [egg:core] dump config after load, 16ms
2019-09-04 13:36:20,199 INFO 689748 [egg-mongoose] starting...
2019-09-04 13:36:20,283 INFO 689748 [egg-watcher:application] watcher start success
2019-09-04 13:36:20,333 INFO 689748 [egg-mongoose] mongodb://admin:******@127.0.0.1:27017/admin connected successfully
2019-09-04 13:36:20,335 INFO 689748 [egg-mongoose] instance[0] start successfully
2019-09-04 13:36:20,348 INFO 689748 [egg:core] dump config after ready, 10ms
2019-09-04 13:40:32,908 INFO 691616 [egg:logger] init all loggers with options: {"dir":"E:\\forfun\\news-server\\logs\\egg-demo","encoding":"utf8","env":"local","level":"INFO","consoleLevel":"INFO","disableConsoleAfterReady":false,"outputJSON":false,"buffer":true,"appLogName":"egg-demo-web.log","coreLogName":"egg-web.log","agentLogName":"egg-agent.log","errorLogName":"common-error.log","coreLogger":{"consoleLevel":"WARN"},"allowDebugAtProd":false,"type":"application"}
2019-09-04 13:40:33,001 INFO 691616 [egg-multipart] stream mode enable
2019-09-04 13:40:34,988 INFO 691616 [egg-mongoose] connecting mongodb://admin:******@127.0.0.1:27017/admin
2019-09-04 13:40:35,383 INFO 691616 [egg-static] starting static serve /public/ -> E:\forfun\news-server\app\public
2019-09-04 13:40:35,402 INFO 691616 [egg-security] use csrf middleware
2019-09-04 13:40:35,410 INFO 691616 [egg-security] use methodnoallow middleware
2019-09-04 13:40:35,412 INFO 691616 [egg-security] use noopen middleware
2019-09-04 13:40:35,419 INFO 691616 [egg-security] use nosniff middleware
2019-09-04 13:40:35,422 INFO 691616 [egg-security] use xssProtection middleware
2019-09-04 13:40:35,425 INFO 691616 [egg-security] use xframe middleware
2019-09-04 13:40:35,428 INFO 691616 [egg-security] use dta middleware
2019-09-04 13:40:35,428 INFO 691616 [egg-security] compose 7 middlewares into one security middleware
2019-09-04 13:40:35,463 INFO 691616 [egg:core] dump config after load, 18ms
2019-09-04 13:40:35,471 INFO 691616 [egg-mongoose] starting...
2019-09-04 13:40:35,616 INFO 691616 [egg-watcher:application] watcher start success
2019-09-04 13:40:35,622 INFO 691616 [egg-mongoose] mongodb://admin:******@127.0.0.1:27017/admin connected successfully
2019-09-04 13:40:35,624 INFO 691616 [egg-mongoose] instance[0] start successfully
2019-09-04 13:40:35,643 INFO 691616 [egg:core] dump config after ready, 13ms
2019-09-04 13:42:07,625 INFO 693836 [egg:logger] init all loggers with options: {"dir":"E:\\forfun\\news-server\\logs\\egg-demo","encoding":"utf8","env":"local","level":"INFO","consoleLevel":"INFO","disableConsoleAfterReady":false,"outputJSON":false,"buffer":true,"appLogName":"egg-demo-web.log","coreLogName":"egg-web.log","agentLogName":"egg-agent.log","errorLogName":"common-error.log","coreLogger":{"consoleLevel":"WARN"},"allowDebugAtProd":false,"type":"application"}
2019-09-04 13:42:07,719 INFO 693836 [egg-multipart] stream mode enable
2019-09-04 13:42:09,282 INFO 693836 [egg-mongoose] connecting mongodb://admin:******@127.0.0.1:27017/admin
2019-09-04 13:42:09,765 INFO 693836 [egg-static] starting static serve /public/ -> E:\forfun\news-server\app\public
2019-09-04 13:42:09,778 INFO 693836 [egg-security] use csrf middleware
2019-09-04 13:42:09,785 INFO 693836 [egg-security] use methodnoallow middleware
2019-09-04 13:42:09,788 INFO 693836 [egg-security] use noopen middleware
2019-09-04 13:42:09,796 INFO 693836 [egg-security] use nosniff middleware
2019-09-04 13:42:09,800 INFO 693836 [egg-security] use xssProtection middleware
2019-09-04 13:42:09,803 INFO 693836 [egg-security] use xframe middleware
2019-09-04 13:42:09,807 INFO 693836 [egg-security] use dta middleware
2019-09-04 13:42:09,807 INFO 693836 [egg-security] compose 7 middlewares into one security middleware
2019-09-04 13:42:09,840 INFO 693836 [egg:core] dump config after load, 16ms
2019-09-04 13:42:09,849 INFO 693836 [egg-mongoose] starting...
2019-09-04 13:42:09,982 INFO 693836 [egg-watcher:application] watcher start success
2019-09-04 13:42:10,044 INFO 693836 [egg-mongoose] mongodb://admin:******@127.0.0.1:27017/admin connected successfully
2019-09-04 13:42:10,047 INFO 693836 [egg-mongoose] instance[0] start successfully
2019-09-04 13:42:10,067 INFO 693836 [egg:core] dump config after ready, 15ms
2019-09-04 13:43:00,270 INFO 692668 [egg:logger] init all loggers with options: {"dir":"E:\\forfun\\news-server\\logs\\egg-demo","encoding":"utf8","env":"local","level":"INFO","consoleLevel":"INFO","disableConsoleAfterReady":false,"outputJSON":false,"buffer":true,"appLogName":"egg-demo-web.log","coreLogName":"egg-web.log","agentLogName":"egg-agent.log","errorLogName":"common-error.log","coreLogger":{"consoleLevel":"WARN"},"allowDebugAtProd":false,"type":"application"}
2019-09-04 13:43:00,407 INFO 692668 [egg-multipart] stream mode enable
2019-09-04 13:43:02,418 INFO 692668 [egg-mongoose] connecting mongodb://admin:******@127.0.0.1:27017/admin
2019-09-04 13:43:02,803 INFO 692668 [egg-static] starting static serve /public/ -> E:\forfun\news-server\app\public
2019-09-04 13:43:02,817 INFO 692668 [egg-security] use csrf middleware
2019-09-04 13:43:02,823 INFO 692668 [egg-security] use methodnoallow middleware
2019-09-04 13:43:02,826 INFO 692668 [egg-security] use noopen middleware
2019-09-04 13:43:02,831 INFO 692668 [egg-security] use nosniff middleware
2019-09-04 13:43:02,833 INFO 692668 [egg-security] use xssProtection middleware
2019-09-04 13:43:02,835 INFO 692668 [egg-security] use xframe middleware
2019-09-04 13:43:02,838 INFO 692668 [egg-security] use dta middleware
2019-09-04 13:43:02,838 INFO 692668 [egg-security] compose 7 middlewares into one security middleware
2019-09-04 13:43:02,883 INFO 692668 [egg:core] dump config after load, 22ms
2019-09-04 13:43:02,893 INFO 692668 [egg-mongoose] starting...
2019-09-04 13:43:02,976 INFO 692668 [egg-watcher:application] watcher start success
2019-09-04 13:43:03,029 INFO 692668 [egg-mongoose] mongodb://admin:******@127.0.0.1:27017/admin connected successfully
2019-09-04 13:43:03,031 INFO 692668 [egg-mongoose] instance[0] start successfully
2019-09-04 13:43:03,053 INFO 692668 [egg:core] dump config after ready, 18ms
2019-09-04 13:43:08,315 INFO 693304 [egg:logger] init all loggers with options: {"dir":"E:\\forfun\\news-server\\logs\\egg-demo","encoding":"utf8","env":"local","level":"INFO","consoleLevel":"INFO","disableConsoleAfterReady":false,"outputJSON":false,"buffer":true,"appLogName":"egg-demo-web.log","coreLogName":"egg-web.log","agentLogName":"egg-agent.log","errorLogName":"common-error.log","coreLogger":{"consoleLevel":"WARN"},"allowDebugAtProd":false,"type":"application"}
2019-09-04 13:43:08,429 INFO 693304 [egg-multipart] stream mode enable
2019-09-04 13:43:10,074 INFO 693304 [egg-mongoose] connecting mongodb://admin:******@127.0.0.1:27017/admin
2019-09-04 13:43:10,439 INFO 693304 [egg-static] starting static serve /public/ -> E:\forfun\news-server\app\public
2019-09-04 13:43:10,451 INFO 693304 [egg-security] use csrf middleware
2019-09-04 13:43:10,457 INFO 693304 [egg-security] use methodnoallow middleware
2019-09-04 13:43:10,459 INFO 693304 [egg-security] use noopen middleware
2019-09-04 13:43:10,464 INFO 693304 [egg-security] use nosniff middleware
2019-09-04 13:43:10,467 INFO 693304 [egg-security] use xssProtection middleware
2019-09-04 13:43:10,469 INFO 693304 [egg-security] use xframe middleware
2019-09-04 13:43:10,471 INFO 693304 [egg-security] use dta middleware
2019-09-04 13:43:10,471 INFO 693304 [egg-security] compose 7 middlewares into one security middleware
2019-09-04 13:43:10,501 INFO 693304 [egg:core] dump config after load, 13ms
2019-09-04 13:43:10,508 INFO 693304 [egg-mongoose] starting...
2019-09-04 13:43:10,578 INFO 693304 [egg-watcher:application] watcher start success
2019-09-04 13:43:10,639 INFO 693304 [egg-mongoose] mongodb://admin:******@127.0.0.1:27017/admin connected successfully
2019-09-04 13:43:10,641 INFO 693304 [egg-mongoose] instance[0] start successfully
2019-09-04 13:43:10,659 INFO 693304 [egg:core] dump config after ready, 12ms
2019-09-04 13:44:15,597 INFO 692512 [egg:logger] init all loggers with options: {"dir":"E:\\forfun\\news-server\\logs\\egg-demo","encoding":"utf8","env":"local","level":"INFO","consoleLevel":"INFO","disableConsoleAfterReady":false,"outputJSON":false,"buffer":true,"appLogName":"egg-demo-web.log","coreLogName":"egg-web.log","agentLogName":"egg-agent.log","errorLogName":"common-error.log","coreLogger":{"consoleLevel":"WARN"},"allowDebugAtProd":false,"type":"application"}
2019-09-04 13:44:15,721 INFO 692512 [egg-multipart] stream mode enable
2019-09-04 13:44:17,781 INFO 692512 [egg-mongoose] connecting mongodb://admin:******@127.0.0.1:27017/admin
2019-09-04 13:44:18,200 INFO 692512 [egg-static] starting static serve /public/ -> E:\forfun\news-server\app\public
2019-09-04 13:44:18,212 INFO 692512 [egg-security] use csrf middleware
2019-09-04 13:44:18,219 INFO 692512 [egg-security] use methodnoallow middleware
2019-09-04 13:44:18,221 INFO 692512 [egg-security] use noopen middleware
2019-09-04 13:44:18,226 INFO 692512 [egg-security] use nosniff middleware
2019-09-04 13:44:18,228 INFO 692512 [egg-security] use xssProtection middleware
2019-09-04 13:44:18,231 INFO 692512 [egg-security] use xframe middleware
2019-09-04 13:44:18,233 INFO 692512 [egg-security] use dta middleware
2019-09-04 13:44:18,233 INFO 692512 [egg-security] compose 7 middlewares into one security middleware
2019-09-04 13:44:18,260 INFO 692512 [egg:core] dump config after load, 13ms
2019-09-04 13:44:18,268 INFO 692512 [egg-mongoose] starting...
2019-09-04 13:44:18,346 INFO 692512 [egg-watcher:application] watcher start success
2019-09-04 13:44:18,406 INFO 692512 [egg-mongoose] mongodb://admin:******@127.0.0.1:27017/admin connected successfully
2019-09-04 13:44:18,408 INFO 692512 [egg-mongoose] instance[0] start successfully
2019-09-04 13:44:18,422 INFO 692512 [egg:core] dump config after ready, 11ms
2019-09-04 13:44:33,460 INFO 689840 [egg:logger] init all loggers with options: {"dir":"E:\\forfun\\news-server\\logs\\egg-demo","encoding":"utf8","env":"local","level":"INFO","consoleLevel":"INFO","disableConsoleAfterReady":false,"outputJSON":false,"buffer":true,"appLogName":"egg-demo-web.log","coreLogName":"egg-web.log","agentLogName":"egg-agent.log","errorLogName":"common-error.log","coreLogger":{"consoleLevel":"WARN"},"allowDebugAtProd":false,"type":"application"}
2019-09-04 13:44:33,576 INFO 689840 [egg-multipart] stream mode enable
2019-09-04 13:44:35,048 INFO 689840 [egg-mongoose] connecting mongodb://admin:******@127.0.0.1:27017/admin
2019-09-04 13:44:35,433 INFO 689840 [egg-static] starting static serve /public/ -> E:\forfun\news-server\app\public
2019-09-04 13:44:35,444 INFO 689840 [egg-security] use csrf middleware
2019-09-04 13:44:35,450 INFO 689840 [egg-security] use methodnoallow middleware
2019-09-04 13:44:35,452 INFO 689840 [egg-security] use noopen middleware
2019-09-04 13:44:35,457 INFO 689840 [egg-security] use nosniff middleware
2019-09-04 13:44:35,459 INFO 689840 [egg-security] use xssProtection middleware
2019-09-04 13:44:35,461 INFO 689840 [egg-security] use xframe middleware
2019-09-04 13:44:35,463 INFO 689840 [egg-security] use dta middleware
2019-09-04 13:44:35,463 INFO 689840 [egg-security] compose 7 middlewares into one security middleware
2019-09-04 13:44:35,489 INFO 689840 [egg:core] dump config after load, 11ms
2019-09-04 13:44:35,494 INFO 689840 [egg-mongoose] starting...
2019-09-04 13:44:35,564 INFO 689840 [egg-watcher:application] watcher start success
2019-09-04 13:44:35,619 INFO 689840 [egg-mongoose] mongodb://admin:******@127.0.0.1:27017/admin connected successfully
2019-09-04 13:44:35,622 INFO 689840 [egg-mongoose] instance[0] start successfully
2019-09-04 13:44:35,634 INFO 689840 [egg:core] dump config after ready, 8ms
2019-09-04 13:49:29,819 INFO 695248 [egg:logger] init all loggers with options: {"dir":"E:\\forfun\\news-server\\logs\\egg-demo","encoding":"utf8","env":"local","level":"INFO","consoleLevel":"INFO","disableConsoleAfterReady":false,"outputJSON":false,"buffer":true,"appLogName":"egg-demo-web.log","coreLogName":"egg-web.log","agentLogName":"egg-agent.log","errorLogName":"common-error.log","coreLogger":{"consoleLevel":"WARN"},"allowDebugAtProd":false,"type":"application"}
2019-09-04 13:49:29,931 INFO 695248 [egg-multipart] stream mode enable
2019-09-04 13:49:32,090 INFO 695248 [egg-mongoose] connecting mongodb://admin:******@127.0.0.1:27017/admin
2019-09-04 13:49:32,485 INFO 695248 [egg-static] starting static serve /public/ -> E:\forfun\news-server\app\public
2019-09-04 13:49:32,497 INFO 695248 [egg-security] use csrf middleware
2019-09-04 13:49:32,504 INFO 695248 [egg-security] use methodnoallow middleware
2019-09-04 13:49:32,507 INFO 695248 [egg-security] use noopen middleware
2019-09-04 13:49:32,515 INFO 695248 [egg-security] use nosniff middleware
2019-09-04 13:49:32,517 INFO 695248 [egg-security] use xssProtection middleware
2019-09-04 13:49:32,520 INFO 695248 [egg-security] use xframe middleware
2019-09-04 13:49:32,523 INFO 695248 [egg-security] use dta middleware
2019-09-04 13:49:32,523 INFO 695248 [egg-security] compose 7 middlewares into one security middleware
2019-09-04 13:49:32,559 INFO 695248 [egg:core] dump config after load, 18ms
2019-09-04 13:49:32,567 INFO 695248 [egg-mongoose] starting...
2019-09-04 13:49:32,646 INFO 695248 [egg-watcher:application] watcher start success
2019-09-04 13:49:32,695 INFO 695248 [egg-mongoose] mongodb://admin:******@127.0.0.1:27017/admin connected successfully
2019-09-04 13:49:32,697 INFO 695248 [egg-mongoose] instance[0] start successfully
2019-09-04 13:49:32,710 INFO 695248 [egg:core] dump config after ready, 9ms
2019-09-04 13:52:19,627 INFO 690912 [egg:logger] init all loggers with options: {"dir":"E:\\forfun\\news-server\\logs\\egg-demo","encoding":"utf8","env":"local","level":"INFO","consoleLevel":"INFO","disableConsoleAfterReady":false,"outputJSON":false,"buffer":true,"appLogName":"egg-demo-web.log","coreLogName":"egg-web.log","agentLogName":"egg-agent.log","errorLogName":"common-error.log","coreLogger":{"consoleLevel":"WARN"},"allowDebugAtProd":false,"type":"application"}
2019-09-04 13:52:19,734 INFO 690912 [egg-multipart] stream mode enable
2019-09-04 13:52:21,275 INFO 690912 [egg-mongoose] connecting mongodb://admin:******@127.0.0.1:27017/admin
2019-09-04 13:52:21,676 INFO 690912 [egg-static] starting static serve /public/ -> E:\forfun\news-server\app\public
2019-09-04 13:52:21,689 INFO 690912 [egg-security] use csrf middleware
2019-09-04 13:52:21,695 INFO 690912 [egg-security] use methodnoallow middleware
2019-09-04 13:52:21,699 INFO 690912 [egg-security] use noopen middleware
2019-09-04 13:52:21,704 INFO 690912 [egg-security] use nosniff middleware
2019-09-04 13:52:21,706 INFO 690912 [egg-security] use xssProtection middleware
2019-09-04 13:52:21,708 INFO 690912 [egg-security] use xframe middleware
2019-09-04 13:52:21,710 INFO 690912 [egg-security] use dta middleware
2019-09-04 13:52:21,710 INFO 690912 [egg-security] compose 7 middlewares into one security middleware
2019-09-04 13:52:21,749 INFO 690912 [egg:core] dump config after load, 19ms
2019-09-04 13:52:21,758 INFO 690912 [egg-mongoose] starting...
2019-09-04 13:52:21,847 INFO 690912 [egg-watcher:application] watcher start success
2019-09-04 13:52:21,894 INFO 690912 [egg-mongoose] mongodb://admin:******@127.0.0.1:27017/admin connected successfully
2019-09-04 13:52:21,896 INFO 690912 [egg-mongoose] instance[0] start successfully
2019-09-04 13:52:21,916 INFO 690912 [egg:core] dump config after ready, 15ms
2019-09-04 13:54:08,087 INFO 686048 [egg:logger] init all loggers with options: {"dir":"E:\\forfun\\news-server\\logs\\egg-demo","encoding":"utf8","env":"local","level":"INFO","consoleLevel":"INFO","disableConsoleAfterReady":false,"outputJSON":false,"buffer":true,"appLogName":"egg-demo-web.log","coreLogName":"egg-web.log","agentLogName":"egg-agent.log","errorLogName":"common-error.log","coreLogger":{"consoleLevel":"WARN"},"allowDebugAtProd":false,"type":"application"}
2019-09-04 13:54:08,221 INFO 686048 [egg-multipart] stream mode enable
2019-09-04 13:54:10,123 INFO 686048 [egg-mongoose] connecting mongodb://admin:******@127.0.0.1:27017/admin
2019-09-04 13:54:10,484 INFO 686048 [egg-static] starting static serve /public/ -> E:\forfun\news-server\app\public
2019-09-04 13:54:10,498 INFO 686048 [egg-security] use csrf middleware
2019-09-04 13:54:10,504 INFO 686048 [egg-security] use methodnoallow middleware
2019-09-04 13:54:10,505 INFO 686048 [egg-security] use noopen middleware
2019-09-04 13:54:10,512 INFO 686048 [egg-security] use nosniff middleware
2019-09-04 13:54:10,514 INFO 686048 [egg-security] use xssProtection middleware
2019-09-04 13:54:10,517 INFO 686048 [egg-security] use xframe middleware
2019-09-04 13:54:10,520 INFO 686048 [egg-security] use dta middleware
2019-09-04 13:54:10,520 INFO 686048 [egg-security] compose 7 middlewares into one security middleware
2019-09-04 13:54:10,551 INFO 686048 [egg:core] dump config after load, 14ms
2019-09-04 13:54:10,557 INFO 686048 [egg-mongoose] starting...
2019-09-04 13:54:10,679 INFO 686048 [egg-watcher:application] watcher start success
2019-09-04 13:54:10,690 INFO 686048 [egg-mongoose] mongodb://admin:******@127.0.0.1:27017/admin connected successfully
2019-09-04 13:54:10,693 INFO 686048 [egg-mongoose] instance[0] start successfully
2019-09-04 13:54:10,712 INFO 686048 [egg:core] dump config after ready, 15ms
2019-09-04 13:54:37,762 INFO 695044 [egg:logger] init all loggers with options: {"dir":"E:\\forfun\\news-server\\logs\\egg-demo","encoding":"utf8","env":"local","level":"INFO","consoleLevel":"INFO","disableConsoleAfterReady":false,"outputJSON":false,"buffer":true,"appLogName":"egg-demo-web.log","coreLogName":"egg-web.log","agentLogName":"egg-agent.log","errorLogName":"common-error.log","coreLogger":{"consoleLevel":"WARN"},"allowDebugAtProd":false,"type":"application"}
2019-09-04 13:54:37,871 INFO 695044 [egg-multipart] stream mode enable
2019-09-04 13:54:39,367 INFO 695044 [egg-mongoose] connecting mongodb://admin:******@127.0.0.1:27017/admin
2019-09-04 13:54:39,709 INFO 695044 [egg-static] starting static serve /public/ -> E:\forfun\news-server\app\public
2019-09-04 13:54:39,722 INFO 695044 [egg-security] use csrf middleware
2019-09-04 13:54:39,728 INFO 695044 [egg-security] use methodnoallow middleware
2019-09-04 13:54:39,730 INFO 695044 [egg-security] use noopen middleware
2019-09-04 13:54:39,736 INFO 695044 [egg-security] use nosniff middleware
2019-09-04 13:54:39,738 INFO 695044 [egg-security] use xssProtection middleware
2019-09-04 13:54:39,740 INFO 695044 [egg-security] use xframe middleware
2019-09-04 13:54:39,742 INFO 695044 [egg-security] use dta middleware
2019-09-04 13:54:39,742 INFO 695044 [egg-security] compose 7 middlewares into one security middleware
2019-09-04 13:54:39,771 INFO 695044 [egg:core] dump config after load, 14ms
2019-09-04 13:54:39,784 INFO 695044 [egg-mongoose] starting...
2019-09-04 13:54:39,864 INFO 695044 [egg-watcher:application] watcher start success
2019-09-04 13:54:39,900 INFO 695044 [egg-mongoose] mongodb://admin:******@127.0.0.1:27017/admin connected successfully
2019-09-04 13:54:39,902 INFO 695044 [egg-mongoose] instance[0] start successfully
2019-09-04 13:54:39,917 INFO 695044 [egg:core] dump config after ready, 11ms
2019-09-04 13:58:46,689 INFO 694836 [egg:logger] init all loggers with options: {"dir":"E:\\forfun\\news-server\\logs\\egg-demo","encoding":"utf8","env":"local","level":"INFO","consoleLevel":"INFO","disableConsoleAfterReady":false,"outputJSON":false,"buffer":true,"appLogName":"egg-demo-web.log","coreLogName":"egg-web.log","agentLogName":"egg-agent.log","errorLogName":"common-error.log","coreLogger":{"consoleLevel":"WARN"},"allowDebugAtProd":false,"type":"application"}
2019-09-04 13:58:46,825 INFO 694836 [egg-multipart] stream mode enable
2019-09-04 13:58:48,294 INFO 694836 [egg-mongoose] connecting mongodb://admin:******@127.0.0.1:27017/admin
2019-09-04 13:58:48,659 INFO 694836 [egg-static] starting static serve /public/ -> E:\forfun\news-server\app\public
2019-09-04 13:58:48,671 INFO 694836 [egg-security] use csrf middleware
2019-09-04 13:58:48,676 INFO 694836 [egg-security] use methodnoallow middleware
2019-09-04 13:58:48,678 INFO 694836 [egg-security] use noopen middleware
2019-09-04 13:58:48,683 INFO 694836 [egg-security] use nosniff middleware
2019-09-04 13:58:48,686 INFO 694836 [egg-security] use xssProtection middleware
2019-09-04 13:58:48,690 INFO 694836 [egg-security] use xframe middleware
2019-09-04 13:58:48,692 INFO 694836 [egg-security] use dta middleware
2019-09-04 13:58:48,692 INFO 694836 [egg-security] compose 7 middlewares into one security middleware
2019-09-04 13:58:48,720 INFO 694836 [egg:core] dump config after load, 12ms
2019-09-04 13:58:48,727 INFO 694836 [egg-mongoose] starting...
2019-09-04 13:58:48,854 INFO 694836 [egg-watcher:application] watcher start success
2019-09-04 13:58:48,861 INFO 694836 [egg-mongoose] mongodb://admin:******@127.0.0.1:27017/admin connected successfully
2019-09-04 13:58:48,863 INFO 694836 [egg-mongoose] instance[0] start successfully
2019-09-04 13:58:48,880 INFO 694836 [egg:core] dump config after ready, 13ms
2019-09-04 13:59:24,506 INFO 695204 [egg:logger] init all loggers with options: {"dir":"E:\\forfun\\news-server\\logs\\egg-demo","encoding":"utf8","env":"local","level":"INFO","consoleLevel":"INFO","disableConsoleAfterReady":false,"outputJSON":false,"buffer":true,"appLogName":"egg-demo-web.log","coreLogName":"egg-web.log","agentLogName":"egg-agent.log","errorLogName":"common-error.log","coreLogger":{"consoleLevel":"WARN"},"allowDebugAtProd":false,"type":"application"}
2019-09-04 13:59:24,608 INFO 695204 [egg-multipart] stream mode enable
2019-09-04 13:59:26,576 INFO 695204 [egg-mongoose] connecting mongodb://admin:******@127.0.0.1:27017/admin
2019-09-04 13:59:27,218 INFO 695204 [egg-static] starting static serve /public/ -> E:\forfun\news-server\app\public
2019-09-04 13:59:27,236 INFO 695204 [egg-security] use csrf middleware
2019-09-04 13:59:27,242 INFO 695204 [egg-security] use methodnoallow middleware
2019-09-04 13:59:27,244 INFO 695204 [egg-security] use noopen middleware
2019-09-04 13:59:27,252 INFO 695204 [egg-security] use nosniff middleware
2019-09-04 13:59:27,254 INFO 695204 [egg-security] use xssProtection middleware
2019-09-04 13:59:27,257 INFO 695204 [egg-security] use xframe middleware
2019-09-04 13:59:27,260 INFO 695204 [egg-security] use dta middleware
2019-09-04 13:59:27,261 INFO 695204 [egg-security] compose 7 middlewares into one security middleware
2019-09-04 13:59:27,294 INFO 695204 [egg:core] dump config after load, 16ms
2019-09-04 13:59:27,302 INFO 695204 [egg-mongoose] starting...
2019-09-04 13:59:27,394 INFO 695204 [egg-watcher:application] watcher start success
2019-09-04 13:59:27,457 INFO 695204 [egg-mongoose] mongodb://admin:******@127.0.0.1:27017/admin connected successfully
2019-09-04 13:59:27,461 INFO 695204 [egg-mongoose] instance[0] start successfully
2019-09-04 13:59:27,489 INFO 695204 [egg:core] dump config after ready, 20ms
